Determining if the pthread_create exist failed with the following output:
Change Dir: /home/nano/catkin_ws_path_planner_custom/build/CMakeFiles/CMakeTmp

Run Build Command:"/usr/bin/make" "cmTC_04738/fast"
/usr/bin/make -f CMakeFiles/cmTC_04738.dir/build.make CMakeFiles/cmTC_04738.dir/build
make[1]: Entering directory '/home/nano/catkin_ws_path_planner_custom/build/CMakeFiles/CMakeTmp'
Building C object CMakeFiles/cmTC_04738.dir/CheckSymbolExists.c.o
/usr/bin/cc    -o CMakeFiles/cmTC_04738.dir/CheckSymbolExists.c.o   -c /home/nano/catkin_ws_path_planner_custom/build/CMakeFiles/CMakeTmp/CheckSymbolExists.c
Linking C executable cmTC_04738
/usr/bin/cmake -E cmake_link_script CMakeFiles/cmTC_04738.dir/link.txt --verbose=1
/usr/bin/cc      -rdynamic CMakeFiles/cmTC_04738.dir/CheckSymbolExists.c.o  -o cmTC_04738 
CMakeFiles/cmTC_04738.dir/CheckSymbolExists.c.o: In function `main':
CheckSymbolExists.c:(.text+0x14): undefined reference to `pthread_create'
CheckSymbolExists.c:(.text+0x18): undefined reference to `pthread_create'
collect2: error: ld returned 1 exit status
CMakeFiles/cmTC_04738.dir/build.make:97: recipe for target 'cmTC_04738' failed
make[1]: *** [cmTC_04738] Error 1
make[1]: Leaving directory '/home/nano/catkin_ws_path_planner_custom/build/CMakeFiles/CMakeTmp'
Makefile:126: recipe for target 'cmTC_04738/fast' failed
make: *** [cmTC_04738/fast] Error 2

File /home/nano/catkin_ws_path_planner_custom/build/CMakeFiles/CMakeTmp/CheckSymbolExists.c:
/* */
#include <pthread.h>

int main(int argc, char** argv)
{
  (void)argv;
#ifndef pthread_create
  return ((int*)(&pthread_create))[argc];
#else
  (void)argc;
  return 0;
#endif
}

Determining if the function pthread_create exists in the pthreads failed with the following output:
Change Dir: /home/nano/catkin_ws_path_planner_custom/build/CMakeFiles/CMakeTmp

Run Build Command:"/usr/bin/make" "cmTC_22dad/fast"
/usr/bin/make -f CMakeFiles/cmTC_22dad.dir/build.make CMakeFiles/cmTC_22dad.dir/build
make[1]: Entering directory '/home/nano/catkin_ws_path_planner_custom/build/CMakeFiles/CMakeTmp'
Building C object CMakeFiles/cmTC_22dad.dir/CheckFunctionExists.c.o
/usr/bin/cc   -DCHECK_FUNCTION_EXISTS=pthread_create   -o CMakeFiles/cmTC_22dad.dir/CheckFunctionExists.c.o   -c /usr/share/cmake-3.10/Modules/CheckFunctionExists.c
Linking C executable cmTC_22dad
/usr/bin/cmake -E cmake_link_script CMakeFiles/cmTC_22dad.dir/link.txt --verbose=1
/usr/bin/cc  -DCHECK_FUNCTION_EXISTS=pthread_create    -rdynamic CMakeFiles/cmTC_22dad.dir/CheckFunctionExists.c.o  -o cmTC_22dad -lpthreads 
/usr/bin/ld: cannot find -lpthreads
collect2: error: ld returned 1 exit status
CMakeFiles/cmTC_22dad.dir/build.make:97: recipe for target 'cmTC_22dad' failed
make[1]: *** [cmTC_22dad] Error 1
make[1]: Leaving directory '/home/nano/catkin_ws_path_planner_custom/build/CMakeFiles/CMakeTmp'
Makefile:126: recipe for target 'cmTC_22dad/fast' failed
make: *** [cmTC_22dad/fast] Error 2


