[  0%] Built target geometry_msgs_generate_messages_nodejs
[  0%] Built target std_msgs_generate_messages_cpp
[  0%] Built target geometry_msgs_generate_messages_eus
[  0%] Built target sensor_msgs_generate_messages_py
[  0%] Built target geometry_msgs_generate_messages_lisp
[  0%] Built target std_msgs_generate_messages_lisp
[  0%] Built target sensor_msgs_generate_messages_cpp
[  0%] Built target sensor_msgs_generate_messages_eus
[  0%] Built target sensor_msgs_generate_messages_nodejs
[  0%] Built target geometry_msgs_generate_messages_cpp
[  0%] Built target geometry_msgs_generate_messages_py
[  0%] Built target std_msgs_generate_messages_py
[  0%] Built target std_msgs_generate_messages_nodejs
[  0%] Built target std_msgs_generate_messages_eus
[  0%] Built target sensor_msgs_generate_messages_lisp
[ 50%] Built target cv_bridge
[100%] Built target cv_bridge_boost
Install the project...
-- Install configuration: ""
-- Up-to-date: /home/freaks/catkin_ws/install/_setup_util.py
-- Up-to-date: /home/freaks/catkin_ws/install/env.sh
-- Up-to-date: /home/freaks/catkin_ws/install/setup.bash
-- Up-to-date: /home/freaks/catkin_ws/install/local_setup.bash
-- Up-to-date: /home/freaks/catkin_ws/install/setup.sh
-- Up-to-date: /home/freaks/catkin_ws/install/local_setup.sh
-- Up-to-date: /home/freaks/catkin_ws/install/setup.zsh
-- Up-to-date: /home/freaks/catkin_ws/install/local_setup.zsh
-- Up-to-date: /home/freaks/catkin_ws/install/.rosinstall
-- Installing: /home/freaks/catkin_ws/install/lib/pkgconfig/cv_bridge.pc
-- Installing: /home/freaks/catkin_ws/install/share/cv_bridge/cmake/cv_bridge-extras.cmake
-- Installing: /home/freaks/catkin_ws/install/share/cv_bridge/cmake/cv_bridgeConfig.cmake
-- Installing: /home/freaks/catkin_ws/install/share/cv_bridge/cmake/cv_bridgeConfig-version.cmake
-- Installing: /home/freaks/catkin_ws/install/share/cv_bridge/package.xml
+ cd /home/freaks/catkin_ws/src/vision_opencv/cv_bridge
+ mkdir -p /home/freaks/catkin_ws/install/lib/python3/dist-packages
+ /usr/bin/env PYTHONPATH=/home/freaks/catkin_ws/install/lib/python3/dist-packages:/home/freaks/catkin_ws/build/cv_bridge/lib/python3/dist-packages:/home/freaks/catkin_ws/devel/lib/python2.7/dist-packages:/opt/ros/melodic/lib/python2.7/dist-packages CATKIN_BINARY_DIR=/home/freaks/catkin_ws/build/cv_bridge /usr/bin/python3 /home/freaks/catkin_ws/src/vision_opencv/cv_bridge/setup.py egg_info --egg-base /home/freaks/catkin_ws/build/cv_bridge build --build-base /home/freaks/catkin_ws/build/cv_bridge install --root=/ --install-layout=deb --prefix=/home/freaks/catkin_ws/install --install-scripts=/home/freaks/catkin_ws/install/bin
running egg_info
creating /home/freaks/catkin_ws/build/cv_bridge/cv_bridge.egg-info
writing /home/freaks/catkin_ws/build/cv_bridge/cv_bridge.egg-info/PKG-INFO
writing dependency_links to /home/freaks/catkin_ws/build/cv_bridge/cv_bridge.egg-info/dependency_links.txt
writing top-level names to /home/freaks/catkin_ws/build/cv_bridge/cv_bridge.egg-info/top_level.txt
writing manifest file '/home/freaks/catkin_ws/build/cv_bridge/cv_bridge.egg-info/SOURCES.txt'
reading manifest file '/home/freaks/catkin_ws/build/cv_bridge/cv_bridge.egg-info/SOURCES.txt'
writing manifest file '/home/freaks/catkin_ws/build/cv_bridge/cv_bridge.egg-info/SOURCES.txt'
running build
running build_py
creating /home/freaks/catkin_ws/build/cv_bridge/lib
creating /home/freaks/catkin_ws/build/cv_bridge/lib/cv_bridge
copying python/cv_bridge/core.py -> /home/freaks/catkin_ws/build/cv_bridge/lib/cv_bridge
copying python/cv_bridge/__init__.py -> /home/freaks/catkin_ws/build/cv_bridge/lib/cv_bridge
running install
running install_lib
creating /home/freaks/catkin_ws/install/lib/python3/dist-packages/cv_bridge
copying /home/freaks/catkin_ws/build/cv_bridge/lib/cv_bridge/core.py -> /home/freaks/catkin_ws/install/lib/python3/dist-packages/cv_bridge
copying /home/freaks/catkin_ws/build/cv_bridge/lib/cv_bridge/__init__.py -> /home/freaks/catkin_ws/install/lib/python3/dist-packages/cv_bridge
byte-compiling /home/freaks/catkin_ws/install/lib/python3/dist-packages/cv_bridge/core.py to core.cpython-36.pyc
byte-compiling /home/freaks/catkin_ws/install/lib/python3/dist-packages/cv_bridge/__init__.py to __init__.cpython-36.pyc
running install_egg_info
Copying /home/freaks/catkin_ws/build/cv_bridge/cv_bridge.egg-info to /home/freaks/catkin_ws/install/lib/python3/dist-packages/cv_bridge-1.15.0.egg-info
Skipping SOURCES.txt
running install_scripts
-- Installing: /home/freaks/catkin_ws/install/include/cv_bridge
-- Installing: /home/freaks/catkin_ws/install/include/cv_bridge/cv_bridge.h
-- Installing: /home/freaks/catkin_ws/install/include/cv_bridge/rgb_colors.h
-- Installing: /home/freaks/catkin_ws/install/lib/python3/dist-packages/cv_bridge/boost/__init__.py
-- Installing: /home/freaks/catkin_ws/install/lib/libcv_bridge.so
-- Set runtime path of "/home/freaks/catkin_ws/install/lib/libcv_bridge.so" to ""
-- Installing: /home/freaks/catkin_ws/install/lib/python3/dist-packages/cv_bridge/boost/cv_bridge_boost.so
-- Set runtime path of "/home/freaks/catkin_ws/install/lib/python3/dist-packages/cv_bridge/boost/cv_bridge_boost.so" to ""
