Scanning dependencies of target geometry_msgs_generate_messages_nodejs
Scanning dependencies of target std_msgs_generate_messages_cpp
Scanning dependencies of target geometry_msgs_generate_messages_eus
[  0%] Built target geometry_msgs_generate_messages_nodejs
[  0%] Built target std_msgs_generate_messages_cpp
[  0%] Built target geometry_msgs_generate_messages_eus
Scanning dependencies of target sensor_msgs_generate_messages_py
Scanning dependencies of target geometry_msgs_generate_messages_lisp
Scanning dependencies of target std_msgs_generate_messages_lisp
[  0%] Built target sensor_msgs_generate_messages_py
[  0%] Built target std_msgs_generate_messages_lisp
[  0%] Built target geometry_msgs_generate_messages_lisp
Scanning dependencies of target sensor_msgs_generate_messages_cpp
Scanning dependencies of target sensor_msgs_generate_messages_eus
Scanning dependencies of target sensor_msgs_generate_messages_nodejs
[  0%] Built target sensor_msgs_generate_messages_cpp
[  0%] Built target sensor_msgs_generate_messages_eus
[  0%] Built target sensor_msgs_generate_messages_nodejs
Scanning dependencies of target geometry_msgs_generate_messages_cpp
Scanning dependencies of target std_msgs_generate_messages_py
Scanning dependencies of target geometry_msgs_generate_messages_py
[  0%] Built target geometry_msgs_generate_messages_cpp
[  0%] Built target geometry_msgs_generate_messages_py
[  0%] Built target std_msgs_generate_messages_py
Scanning dependencies of target std_msgs_generate_messages_eus
Scanning dependencies of target std_msgs_generate_messages_nodejs
Scanning dependencies of target sensor_msgs_generate_messages_lisp
[  0%] Built target std_msgs_generate_messages_eus
[  0%] Built target std_msgs_generate_messages_nodejs
[  0%] Built target sensor_msgs_generate_messages_lisp
Scanning dependencies of target cv_bridge
[ 16%] Building CXX object src/CMakeFiles/cv_bridge.dir/rgb_colors.cpp.o
[ 33%] Building CXX object src/CMakeFiles/cv_bridge.dir/cv_bridge.cpp.o
[ 50%] Linking CXX shared library /home/freaks/catkin_ws/devel/.private/cv_bridge/lib/libcv_bridge.so
[ 50%] Built target cv_bridge
Scanning dependencies of target cv_bridge_boost
[ 66%] Building CXX object src/CMakeFiles/cv_bridge_boost.dir/module.cpp.o
[ 83%] Building CXX object src/CMakeFiles/cv_bridge_boost.dir/module_opencv4.cpp.o
[100%] Linking CXX shared library /home/freaks/catkin_ws/devel/.private/cv_bridge/lib/python3/dist-packages/cv_bridge/boost/cv_bridge_boost.so
[100%] Built target cv_bridge_boost
