Determining if the pthread_create exist failed with the following output:
Change Dir: /home/dlinano/catkin_ex/zed-examples/svo recording/recording/cpp/build/CMakeFiles/CMakeTmp

Run Build Command:"/usr/bin/make" "cmTC_14732/fast"
/usr/bin/make -f CMakeFiles/cmTC_14732.dir/build.make CMakeFiles/cmTC_14732.dir/build
make[1]: Entering directory '/home/dlinano/catkin_ex/zed-examples/svo recording/recording/cpp/build/CMakeFiles/CMakeTmp'
Building C object CMakeFiles/cmTC_14732.dir/CheckSymbolExists.c.o
/usr/bin/cc    -o CMakeFiles/cmTC_14732.dir/CheckSymbolExists.c.o   -c "/home/dlinano/catkin_ex/zed-examples/svo recording/recording/cpp/build/CMakeFiles/CMakeTmp/CheckSymbolExists.c"
Linking C executable cmTC_14732
/usr/bin/cmake -E cmake_link_script CMakeFiles/cmTC_14732.dir/link.txt --verbose=1
/usr/bin/cc      -rdynamic CMakeFiles/cmTC_14732.dir/CheckSymbolExists.c.o  -o cmTC_14732 
CMakeFiles/cmTC_14732.dir/CheckSymbolExists.c.o: In function `main':
CheckSymbolExists.c:(.text+0x14): undefined reference to `pthread_create'
CheckSymbolExists.c:(.text+0x18): undefined reference to `pthread_create'
collect2: error: ld returned 1 exit status
CMakeFiles/cmTC_14732.dir/build.make:97: recipe for target 'cmTC_14732' failed
make[1]: *** [cmTC_14732] Error 1
make[1]: Leaving directory '/home/dlinano/catkin_ex/zed-examples/svo recording/recording/cpp/build/CMakeFiles/CMakeTmp'
Makefile:126: recipe for target 'cmTC_14732/fast' failed
make: *** [cmTC_14732/fast] Error 2

File /home/dlinano/catkin_ex/zed-examples/svo recording/recording/cpp/build/CMakeFiles/CMakeTmp/CheckSymbolExists.c:
/* */
#include <pthread.h>

int main(int argc, char** argv)
{
  (void)argv;
#ifndef pthread_create
  return ((int*)(&pthread_create))[argc];
#else
  (void)argc;
  return 0;
#endif
}

Determining if the function pthread_create exists in the pthreads failed with the following output:
Change Dir: /home/dlinano/catkin_ex/zed-examples/svo recording/recording/cpp/build/CMakeFiles/CMakeTmp

Run Build Command:"/usr/bin/make" "cmTC_6b599/fast"
/usr/bin/make -f CMakeFiles/cmTC_6b599.dir/build.make CMakeFiles/cmTC_6b599.dir/build
make[1]: Entering directory '/home/dlinano/catkin_ex/zed-examples/svo recording/recording/cpp/build/CMakeFiles/CMakeTmp'
Building C object CMakeFiles/cmTC_6b599.dir/CheckFunctionExists.c.o
/usr/bin/cc   -DCHECK_FUNCTION_EXISTS=pthread_create   -o CMakeFiles/cmTC_6b599.dir/CheckFunctionExists.c.o   -c /usr/share/cmake-3.10/Modules/CheckFunctionExists.c
Linking C executable cmTC_6b599
/usr/bin/cmake -E cmake_link_script CMakeFiles/cmTC_6b599.dir/link.txt --verbose=1
/usr/bin/cc  -DCHECK_FUNCTION_EXISTS=pthread_create    -rdynamic CMakeFiles/cmTC_6b599.dir/CheckFunctionExists.c.o  -o cmTC_6b599 -lpthreads 
/usr/bin/ld: cannot find -lpthreads
collect2: error: ld returned 1 exit status
CMakeFiles/cmTC_6b599.dir/build.make:97: recipe for target 'cmTC_6b599' failed
make[1]: *** [cmTC_6b599] Error 1
make[1]: Leaving directory '/home/dlinano/catkin_ex/zed-examples/svo recording/recording/cpp/build/CMakeFiles/CMakeTmp'
Makefile:126: recipe for target 'cmTC_6b599/fast' failed
make: *** [cmTC_6b599/fast] Error 2


