Scanning dependencies of target std_msgs_generate_messages_py
Scanning dependencies of target std_msgs_generate_messages_eus
Scanning dependencies of target std_msgs_generate_messages_nodejs
Scanning dependencies of target geometry_msgs_generate_messages_py
[  0%] Built target std_msgs_generate_messages_nodejs
[  0%] Built target std_msgs_generate_messages_eus
[  0%] Built target std_msgs_generate_messages_py
[  0%] Built target geometry_msgs_generate_messages_py
Scanning dependencies of target geometry_msgs_generate_messages_nodejs
Scanning dependencies of target sensor_msgs_generate_messages_lisp
Scanning dependencies of target std_msgs_generate_messages_cpp
Scanning dependencies of target geometry_msgs_generate_messages_eus
[  0%] Built target sensor_msgs_generate_messages_lisp
[  0%] Built target geometry_msgs_generate_messages_nodejs
[  0%] Built target std_msgs_generate_messages_cpp
[  0%] Built target geometry_msgs_generate_messages_eus
Scanning dependencies of target sensor_msgs_generate_messages_py
Scanning dependencies of target geometry_msgs_generate_messages_lisp
Scanning dependencies of target std_msgs_generate_messages_lisp
Scanning dependencies of target sensor_msgs_generate_messages_cpp
[  0%] Built target std_msgs_generate_messages_lisp
[  0%] Built target geometry_msgs_generate_messages_lisp
[  0%] Built target sensor_msgs_generate_messages_py
[  0%] Built target sensor_msgs_generate_messages_cpp
Scanning dependencies of target sensor_msgs_generate_messages_eus
Scanning dependencies of target sensor_msgs_generate_messages_nodejs
Scanning dependencies of target geometry_msgs_generate_messages_cpp
[  0%] Built target sensor_msgs_generate_messages_eus
[  0%] Built target sensor_msgs_generate_messages_nodejs
[  0%] Built target geometry_msgs_generate_messages_cpp
Scanning dependencies of target image_geometry
[ 33%] Building CXX object CMakeFiles/image_geometry.dir/src/pinhole_camera_model.cpp.o
[ 66%] Building CXX object CMakeFiles/image_geometry.dir/src/stereo_camera_model.cpp.o
[100%] Linking CXX shared library /home/freaks/catkin_ws/devel/.private/image_geometry/lib/libimage_geometry.so
[100%] Built target image_geometry
